<?xml version="1.0" encoding="UTF-8"?>
<!-- Generated by org.testng.reporters.JUnitXMLReporter -->
<testsuite hostname="DESKTOP-7H1OSQD" ignored="0" name="Surefire test" tests="5" failures="3" timestamp="25 Aug 2018 06:05:50 GMT" time="206.389" errors="0">
  <testcase name="feature" time="39.595" classname="cucumber.api.testng.AbstractTestNGCucumberTests">
    <failure type="cucumber.runtime.CucumberException" message="java.lang.AssertionError: expected:&amp;lt;131&amp;gt; but was:&amp;lt;126&amp;gt;">
      <![CDATA[cucumber.runtime.CucumberException: java.lang.AssertionError: expected:<131> but was:<126>
at cucumber.api.testng.TestNGCucumberRunner.runCucumber(TestNGCucumberRunner.java:69)
at cucumber.api.testng.AbstractTestNGCucumberTests.feature(AbstractTestNGCucumberTests.java:21)
Caused by: java.lang.AssertionError: expected:<131> but was:<126>
at org.junit.Assert.fail(Assert.java:88)
at org.junit.Assert.failNotEquals(Assert.java:834)
at org.junit.Assert.assertEquals(Assert.java:645)
at org.junit.Assert.assertEquals(Assert.java:631)
at StepDefenitions.SearchSteps.iVerifyNumberOfEmployeesMatchBetweenAllTabAndSumOfOtherTabs(SearchSteps.java:120)
at ✽.Then I Verify number of employees match between All tab and sum of other tabs(GoogleSearch.feature:14)
... Removed 30 stack frames]]>
    </failure>
  </testcase> <!-- feature -->
  <testcase name="feature" time="40.227" classname="cucumber.api.testng.AbstractTestNGCucumberTests">
    <failure type="cucumber.runtime.CucumberException" message="java.lang.AssertionError: expected:&amp;lt;0&amp;gt; but was:&amp;lt;5&amp;gt;">
      <![CDATA[cucumber.runtime.CucumberException: java.lang.AssertionError: expected:<0> but was:<5>
at cucumber.api.testng.TestNGCucumberRunner.runCucumber(TestNGCucumberRunner.java:69)
at cucumber.api.testng.AbstractTestNGCucumberTests.feature(AbstractTestNGCucumberTests.java:21)
Caused by: java.lang.AssertionError: expected:<0> but was:<5>
at org.junit.Assert.fail(Assert.java:88)
at org.junit.Assert.failNotEquals(Assert.java:834)
at org.junit.Assert.assertEquals(Assert.java:645)
at org.junit.Assert.assertEquals(Assert.java:631)
at StepDefenitions.SearchSteps.iVerifyEmployeeNamesMatchBetweenAllTabAndOtherTabs(SearchSteps.java:139)
at ✽.Then I Verify employee names match between All tab and other tabs(Validating Employee Names match.feature:15)
... Removed 30 stack frames]]>
    </failure>
  </testcase> <!-- feature -->
  <testcase name="feature" time="41.074" classname="cucumber.api.testng.AbstractTestNGCucumberTests"/>
  <testcase name="feature" time="46.88" classname="cucumber.api.testng.AbstractTestNGCucumberTests"/>
  <testcase name="feature" time="37.87" classname="cucumber.api.testng.AbstractTestNGCucumberTests">
    <failure type="cucumber.runtime.CucumberException" message="java.lang.AssertionError: expected:&amp;lt;0&amp;gt; but was:&amp;lt;4&amp;gt;">
      <![CDATA[cucumber.runtime.CucumberException: java.lang.AssertionError: expected:<0> but was:<4>
at cucumber.api.testng.TestNGCucumberRunner.runCucumber(TestNGCucumberRunner.java:69)
at cucumber.api.testng.AbstractTestNGCucumberTests.feature(AbstractTestNGCucumberTests.java:21)
Caused by: java.lang.AssertionError: expected:<0> but was:<4>
at org.junit.Assert.fail(Assert.java:88)
at org.junit.Assert.failNotEquals(Assert.java:834)
at org.junit.Assert.assertEquals(Assert.java:645)
at org.junit.Assert.assertEquals(Assert.java:631)
at StepDefenitions.SearchSteps.iVerifyEmployeeDepartmentsAreListedCorrectlyBetweenAllTabAndDepartmentListTabs(SearchSteps.java:198)
at ✽.Then I Verify employee departments are listed correctly between All tab and Department list tabs(Validating Main department Sections Match.feature:14)
... Removed 30 stack frames]]>
    </failure>
  </testcase> <!-- feature -->
</testsuite> <!-- Surefire test -->
